[Bootstrap]
SetupTitle=Install
SetupText=Copying Files, please stand by.
CabFile=MinutesTimer_Vb6.CAB
Spawn=Setup1.exe
Uninstal=st6unst.exe
TmpDir=msftqws.pdw
Cabs=1

[Bootstrap Files]
File1=@VB6STKIT.DLL,$(WinSysPathSysFile),,,6/18/98 12:00:00 AM,102912,6.0.81.69
File2=@COMCAT.DLL,$(WinSysPathSysFile),$(DLLSelfRegister),,5/31/98 12:00:00 AM,22288,4.71.1460.1
File3=@stdole2.tlb,$(WinSysPathSysFile),$(TLBRegister),,4/14/08 9:42:08 AM,16896,5.1.2600.5512
File4=@asycfilt.dll,$(WinSysPathSysFile),,,4/14/08 6:11:50 PM,65024,5.1.2600.5512
File5=@olepro32.dll,$(WinSysPathSysFile),$(DLLSelfRegister),,4/14/08 6:12:04 PM,84992,5.1.2600.5512
File6=@oleaut32.dll,$(WinSysPathSysFile),$(DLLSelfRegister),,4/14/08 6:12:04 PM,551936,5.1.2600.5512
File7=@msvbvm60.dll,$(WinSysPathSysFile),$(DLLSelfRegister),,4/14/08 6:12:02 PM,1384479,6.0.98.2

[IconGroups]
Group0=apps
PrivateGroup0=True
Parent0=$(Programs)

[apps]
Icon1="MinutesTimer_Vb6.exe"
Title1=Minutes Timer Reminders
StartIn1=$(AppPath)
Icon2="MinutesTimer_Vb6.exe /uninstall"
Title2=Uninstall Minutes Timer
StartIn2=$(AppPath)

[Setup]
Title=Minutes Timer Reminders by Sel2in
DefaultDir=$(ProgramFiles)\tmr
AppExe=MinutesTimer_Vb6.exe
AppToUninstall=MinutesTimer_Vb6.exe

[Setup1 Files]
File1=@tmr3.ico,$(AppPath)\res,,,11/1/09 5:37:21 AM,766,0.0.0.0
File2=@tmr2.ico,$(AppPath)\res,,,11/1/09 5:37:21 AM,766,0.0.0.0
File3=@tmr1.ico,$(AppPath)\res,,,11/1/09 5:37:21 AM,766,0.0.0.0
File4=@Minutes_Alarm_Website.bat,$(AppPath)\res,,,11/1/09 5:37:23 AM,55,0.0.0.0
File5=@Minutes_Alarm_Donate_To_Project.bat,$(AppPath)\res,,,11/1/09 5:37:23 AM,64,0.0.0.0
File6=@e-Mail_Developer.bat,$(AppPath)\res,,,11/1/09 5:37:23 AM,49,0.0.0.0
File7=@Minute_Timer.html,$(AppPath)\res,,,11/3/09 10:55:26 AM,14989,0.0.0.0
File8=@readme res.txt,$(AppPath)\res,,,11/1/09 5:37:21 AM,217,0.0.0.0
File9=@make-wav-copies.bat,$(AppPath)\res,,,11/1/09 5:37:00 AM,220,0.0.0.0
File10=@a.wav,$(AppPath)\res,,,8/26/09 3:09:00 PM,67642,0.0.0.0
File11=@a2.wav,$(AppPath)\res,,,11/1/09 5:37:23 AM,67642,0.0.0.0
File12=@wshom.ocx,$(WinSysPath),$(DLLSelfRegister),$(Shared),4/14/08 6:11:30 PM,135168,5.7.0.16599
File13=@msvcrt.dll,$(WinSysPathSysFile),,,4/14/08 6:12:02 PM,343040,7.0.2600.5512
File14=@scrrun.dll,$(WinSysPath),$(DLLSelfRegister),$(Shared),4/14/08 6:12:06 PM,172032,5.7.0.16599
File15=@wininet.dll,$(WinSysPath),,$(Shared),1/12/09 8:13:49 AM,818688,7.0.5730.13
File16=@MinutesTimer_Vb6.exe,$(AppPath)\,,,11/9/09 11:46:28 AM,106496,2.2.0.4

; The following lines may be deleted in order to obtain extra 
; space for customizing this file on a full installation diskette.
; 
; XXXXXXXXXXXXXXXXXXXXXXXXXXXXXXXXXXXXXXXXXXXXXXXXXXXXXXXXXXXX
; XXXXXXXXXXXXXXXXXXXXXXXXXXXXXXXXXXXXXXXXXXXXXXXXXXXXXXXXXXXX
; XXXXXXXXXXXXXXXXXXXXXXXXXXXXXXXXXXXXXXXXXXXXXXXXXXXXXXXXXXXX
; XXXXXXXXXXXXXXXXXXXXXXXXXXXXXXXXXXXXXXXXXXXXXXXXXXXXXXXXXXXX
; XXXXXXXXXXXXXXXXXXXXXXXXXXXXXXXXXXXXXXXXXXXXXXXXXXXXXXXXXXXX
; XXXXXXXXXXXXXXXXXXXXXXXXXXXXXXXXXXXXXXXXXXXXXXXXXXXXXXXXXXXX
; XXXXXXXXXXXXXXXXXXXXXXXXXXXXXXXXXXXXXXXXXXXXXXXXXXXXXXXXXXXX
; XXXXXXXXXXXXXXXXXXXXXXXXXXXXXXXXXXXXXXXXXXXXXXXXXXXXXXXXXXXX
; XXXXXXXXXXXXXXXXXXXXXXXXXXXXXXXXXXXXXXXXXXXXXXXXXXXXXXXXXXXX
; XXXXXXXXXXXXXXXXXXXXXXXXXXXXXXXXXXXXXXXXXXXXXXXXXXXXXXXXXXXX
; XXXXXXXXXXXXXXXXXXXXXXXXXXXXXXXXXXXXXXXXXXXXXXXXXXXXXXXXXXXX
; XXXXXXXXXXXXXXXXXXXXXXXXXXXXXXXXXXXXXXXXXXXXXXXXXXXXXXXXXXXX
; XXXXXXXXXXXXXXXXXXXXXXXXXXXXXXXXXXXXXXXXXXXXXXXXXXXXXXXXXXXX
; XXXXXXXXXXXXXXXXXXXXXXXXXXXXXXXXXXXXXXXXXXXXXXXXXXXXXXXXXXXX
; XXXXXXXXXXXXXXXXXXXXXXXXXXXXXXXXXXXXXXXXXXXXXXXXXXXXXXXXXXXX
; XXXXXXXXXXXXXXXXXXXXXXXXXXXXXXXXXXXXXXXXXXXXXXXXXXXXXXXXXXXX
; XXXXXXXXXXXXXXXXXXXXXXXXXXXXXXXXXXXXXXXXXXXXXXXXXXXXXXXXXXXX
; XXXXXXXXXXXXXXXXXXXXXXXXXXXXXXXXXXXXXXXXXXXXXXXXXXXXXXXXXXXX
; XXXXXXXXXXXXXXXXXXXXXXXXXXXXXXXXXXXXXXXXXXXXXXXXXXXXXXXXXXXX
; XXXXXXXXXXXXXXXXXXXXXXXXXXXXXXXXXXXXXXXXXXXXXXXXXXXXXXXXXXXX
; XXXXXXXXXXXXXXXXXXXXXXXXXXXXXXXXXXXXXXXXXXXXXXXXXXXXXXXXXXXX
; XXXXXXXXXXXXXXXXXXXXXXXXXXXXXXXXXXXXXXXXXXXXXXXXXXXXXXXXXXXX
; XXXXXXXXXXXXXXXXXXXXXXXXXXXXXXXXXXXXXXXXXXXXXXXXXXXXXXXXXXXX
; XXXXXXXXXXXXXXXXXXXXXXXXXXXXXXXXXXXXXXXXXXXXXXXXXXXXXXXXXXXX
; XXXXXXXXXXXXXXXXXXXXXXXXXXXXXXXXXXXXXXXXXXXXXXXXXXXXXXXXXXXX
; XXXXXXXXXXXXXXXXXXXXXXXXXXXXXXXXXXXXXXXXXXXXXXXXXXXXXXXXXXXX
; XXXXXXXXXXXXXXXXXXXXXXXXXXXXXXXXXXXXXXXXXXXXXXXXXXXXXXXXXXXX
; XXXXXXXXXXXXXXXXXXXXXXXXXXXXXXXXXXXXXXXXXXXXXXXXXXXXXXXXXXXX
; XXXXXXXXXXXXXXXXXXXXXXXXXXXXXXXXXXXXXXXXXXXXXXXXXXXXXXXXXXXX
; XXXXXXXXXXXXXXXXXXXXXXXXXXXXXXXXXXXXXXXXXXXXXXXXXXXXXXXXXXXX
; XXXXXXXXXXXXXXXXXXXXXXXXXXXXXXXXXXXXXXXXXXXXXXXXXXXXXXXXXXXX
; XXXXXXXXXXXXXXXXXXXXXXXXXXXXXXXXXXXXXXXXXXXXXXXXXXXXXXXXXXXX
; XXXXXXXXXXXXXXXXXXXXXXXXXXXXXXXXXXXXXXXXXXXXXXXXXXXXXXXXXXXX
; XXXXXXXXXXXXXXXXXXXXXXXXXXXXXXXXXXXXXXXXXXXXXXXXXXXXXXXXXXXX
; XXXXXXXXXXXXXXXXXXXXXXXXXXXXXXXXXXXXXXXXXXXXXXXXXXXXXXXXXXXX
