in process Url :http://sel2in.com/prjs/php/p8/MinutesTimer/notify.php
 current lops 5 wait 0.5 seconds Last Read :0

2009 Sep 25, 23 20 02

in process Url :http://sel2in.com/prjs/php/p8/MinutesTimer/notify.php
 current lops 5 wait 0.5 seconds Last Read :0

2009 Sep 25, 23 20 37

in process Url :http://sel2in.com/prjs/php/p8/MinutesTimer/notify.php
 current lops 5 wait 0.5 seconds Last Read :0

2009 Sep 25, 23 24 24

in process Url :http://sel2in.com/prjs/php/p8/MinutesTimer/notify.php
 current lops 5 wait 0.5 seconds Last Read :0

2009 Sep 25, 23 27 22

in process Url :http://sel2in.com/prjs/php/p8/MinutesTimer/notify.php
 current lops 5 wait 0.5 seconds Last Read :0

2009 Sep 25, 23 27 42

in process Url :http://sel2in.com/prjs/php/p8/MinutesTimer/notify.php
 current lops 5 wait 0.5 seconds Last Read :0

2009 Sep 25, 23 28 52

in process Url :http://sel2in.com/prjs/php/p8/MinutesTimer/notify.php
 current lops 5 wait 0.5 seconds Last Read :0

2009 Sep 25, 23 29 12

in process Url :http://sel2in.com/prjs/php/p8/MinutesTimer/notify.php
 current lops 5 wait 0.5 seconds Last Read :0

2009 Sep 25, 23 29 16

in process Url :http://sel2in.com/prjs/php/p8/MinutesTimer/notify.php
 current lops 5 wait 0.5 seconds Last Read :0

2009 Sep 25, 23 29 19

in process Url :http://sel2in.com/prjs/php/p8/MinutesTimer/notify.php
 current lops 5 wait 0.5 seconds Last Read :0

2009 Sep 25, 23 29 59

in process Url :http://sel2in.com/prjs/php/p8/MinutesTimer/notify.php
 current lops 5 wait 0.5 seconds Last Read :0

2009 Sep 25, 23 30 03

in process Url :http://sel2in.com/prjs/php/p8/MinutesTimer/notify.php
 current lops 5 wait 0.5 seconds Last Read :0

2009 Sep 25, 23 30 08

in process Url :http://sel2in.com/prjs/php/p8/MinutesTimer/notify.php
 current lops 5 wait 0.5 seconds Last Read :0

2009 Sep 25, 23 30 15

in process Url :http://sel2in.com/prjs/php/p8/MinutesTimer/notify.php
 current lops 5 wait 0.5 seconds Last Read :0

2009 Sep 25, 23 30 16

in process Url :http://sel2in.com/prjs/php/p8/MinutesTimer/notify.php
 current lops 5 wait 0.5 seconds Last Read :0

2009 Sep 25, 23 30 18

in process Url :http://sel2in.com/prjs/php/p8/MinutesTimer/notify.php?df3=fa
 current lops 5 wait 0.5 seconds Last Read :0

2009 Sep 25, 23 37 37

in process Url :http://sel2in.com/prjs/php/p8/MinutesTimer/notify.php?df3=fa
 current lops 5 wait 0.5 seconds Last Read :73

2009 Sep 25, 23 38 08

in process Url :http://sel2in.com/prjs/php/p8/MinutesTimer/notify.php?df3=g2.2.3
 current lops 5 wait 0.5 seconds Last Read :0

2009 Nov 05, 05 50 28

in process Url :http://a.com/sel2in/prjs/php/p8/MinutesTimer/notify.php?df3=fa&df3=g2.2.3
 current lops 5 wait 0.5 seconds Last Read :0

2009 Nov 05, 05 58 45

in process Url :http://a.com/sel2in/prjs/php/p8/MinutesTimer/notify.php?df3=fa&df4=g2.2.3
 current lops 5 wait 0.5 seconds Last Read :0

2009 Nov 05, 05 59 50

in process Url :http://a.com/sel2in/prjs/php/p8/MinutesTimer/notify.php?df3=fa&df4=g2.2.3
 current lops 5 wait 0.5 seconds Last Read :0

2009 Nov 05, 06 01 44

in process Url :http://a.com/sel2in/prjs/php/p8/MinutesTimer/notify.php?df3=fa&df4=g2.2.3
 current lops 5 wait 0.5 seconds Last Read :0

2009 Nov 05, 06 03 45

in process Url :http://sel2in.com/prjs/php/p8/MinutesTimer/notify.php?df3=fa&df4=g2.2.3
 current lops 5 wait 0.5 seconds Last Read :0

2009 Nov 05, 06 05 34

in process Url :http://sel2in.com/prjs/php/p8/MinutesTimer/notify.php?df3=fa&df4=g2.2.3
 current lops 5 wait 0.5 seconds Last Read :0

2009 Nov 05, 06 06 23

